0 info it worked if it ends with ok
1 verbose cli [ 'C:\\Program Files\\nodejs\\node.exe',
1 verbose cli   'C:\\Program Files\\nodejs\\node_modules\\npm\\bin\\npm-cli.js',
1 verbose cli   'install',
1 verbose cli   'node',
1 verbose cli   'v8.1.1' ]
2 info using npm@3.10.10
3 info using node@v7.2.1
4 silly loadCurrentTree Starting
5 silly install loadCurrentTree
6 silly install readLocalPackageData
7 silly fetchPackageMetaData node
8 silly fetchPackageMetaData v8.1.1
9 silly fetchNamedPackageData node
10 silly mapToRegistry name node
11 silly mapToRegistry using default registry
12 silly mapToRegistry registry https://registry.npmjs.org/
13 silly mapToRegistry data Result {
13 silly mapToRegistry   raw: 'node',
13 silly mapToRegistry   scope: null,
13 silly mapToRegistry   escapedName: 'node',
13 silly mapToRegistry   name: 'node',
13 silly mapToRegistry   rawSpec: '',
13 silly mapToRegistry   spec: 'latest',
13 silly mapToRegistry   type: 'tag' }
14 silly mapToRegistry uri https://registry.npmjs.org/node
15 silly fetchNamedPackageData v8.1.1
16 silly mapToRegistry name v8.1.1
17 silly mapToRegistry using default registry
18 silly mapToRegistry registry https://registry.npmjs.org/
19 silly mapToRegistry data Result {
19 silly mapToRegistry   raw: 'v8.1.1',
19 silly mapToRegistry   scope: null,
19 silly mapToRegistry   escapedName: 'v8.1.1',
19 silly mapToRegistry   name: 'v8.1.1',
19 silly mapToRegistry   rawSpec: '',
19 silly mapToRegistry   spec: 'latest',
19 silly mapToRegistry   type: 'tag' }
20 silly mapToRegistry uri https://registry.npmjs.org/v8.1.1
21 verbose request uri https://registry.npmjs.org/node
22 verbose request no auth needed
23 info attempt registry request try #1 at 6:07:45 PM
24 verbose request id 3c598038b14346a2
25 http request GET https://registry.npmjs.org/node
26 verbose request uri https://registry.npmjs.org/v8.1.1
27 verbose request no auth needed
28 info attempt registry request try #1 at 6:07:48 PM
29 http request GET https://registry.npmjs.org/v8.1.1
30 http 200 https://registry.npmjs.org/node
31 verbose headers { server: 'nginx/1.10.1',
31 verbose headers   'content-type': 'application/json',
31 verbose headers   'last-modified': 'Tue, 13 Oct 2015 00:37:12 GMT',
31 verbose headers   etag: 'W/"561c5238-43d"',
31 verbose headers   'content-encoding': 'gzip',
31 verbose headers   'cache-control': 'max-age=300',
31 verbose headers   'content-length': '550',
31 verbose headers   'accept-ranges': 'bytes',
31 verbose headers   date: 'Wed, 14 Jun 2017 17:07:49 GMT',
31 verbose headers   via: '1.1 varnish',
31 verbose headers   age: '0',
31 verbose headers   connection: 'keep-alive',
31 verbose headers   'x-served-by': 'cache-lhr6348-LHR',
31 verbose headers   'x-cache': 'HIT',
31 verbose headers   'x-cache-hits': '1',
31 verbose headers   'x-timer': 'S1497460070.760392,VS0,VE18',
31 verbose headers   vary: 'Accept-Encoding' }
32 silly get cb [ 200,
32 silly get   { server: 'nginx/1.10.1',
32 silly get     'content-type': 'application/json',
32 silly get     'last-modified': 'Tue, 13 Oct 2015 00:37:12 GMT',
32 silly get     etag: 'W/"561c5238-43d"',
32 silly get     'content-encoding': 'gzip',
32 silly get     'cache-control': 'max-age=300',
32 silly get     'content-length': '550',
32 silly get     'accept-ranges': 'bytes',
32 silly get     date: 'Wed, 14 Jun 2017 17:07:49 GMT',
32 silly get     via: '1.1 varnish',
32 silly get     age: '0',
32 silly get     connection: 'keep-alive',
32 silly get     'x-served-by': 'cache-lhr6348-LHR',
32 silly get     'x-cache': 'HIT',
32 silly get     'x-cache-hits': '1',
32 silly get     'x-timer': 'S1497460070.760392,VS0,VE18',
32 silly get     vary: 'Accept-Encoding' } ]
33 verbose get saving node to C:\Users\Anthony\AppData\Roaming\npm-cache\registry.npmjs.org\node\.cache.json
34 verbose correctMkdir C:\Users\Anthony\AppData\Roaming\npm-cache correctMkdir not in flight; initializing
35 verbose makeDirectory C:\Users\Anthony\AppData\Roaming\npm-cache creation not in flight; initializing
36 verbose makeCacheDir UID & GID are irrelevant on win32
37 http 404 https://registry.npmjs.org/v8.1.1
38 verbose headers { 'content-type': 'application/json',
38 verbose headers   'cache-control': 'max-age=0',
38 verbose headers   'content-length': '2',
38 verbose headers   'accept-ranges': 'bytes',
38 verbose headers   date: 'Wed, 14 Jun 2017 17:07:50 GMT',
38 verbose headers   via: '1.1 varnish',
38 verbose headers   age: '0',
38 verbose headers   connection: 'keep-alive',
38 verbose headers   'x-served-by': 'cache-lhr6339-LHR',
38 verbose headers   'x-cache': 'MISS',
38 verbose headers   'x-cache-hits': '0',
38 verbose headers   'x-timer': 'S1497460070.767227,VS0,VE947',
38 verbose headers   vary: 'Accept-Encoding' }
39 silly get cb [ 404,
39 silly get   { 'content-type': 'application/json',
39 silly get     'cache-control': 'max-age=0',
39 silly get     'content-length': '2',
39 silly get     'accept-ranges': 'bytes',
39 silly get     date: 'Wed, 14 Jun 2017 17:07:50 GMT',
39 silly get     via: '1.1 varnish',
39 silly get     age: '0',
39 silly get     connection: 'keep-alive',
39 silly get     'x-served-by': 'cache-lhr6339-LHR',
39 silly get     'x-cache': 'MISS',
39 silly get     'x-cache-hits': '0',
39 silly get     'x-timer': 'S1497460070.767227,VS0,VE947',
39 silly get     vary: 'Accept-Encoding' } ]
40 silly fetchPackageMetaData Error: Registry returned 404 for GET on https://registry.npmjs.org/v8.1.1
40 silly fetchPackageMetaData     at makeError (C:\Users\Anthony\AppData\Roaming\nvm\v7.2.1\node_modules\npm\node_modules\npm-registry-client\lib\request.js:302:12)
40 silly fetchPackageMetaData     at CachingRegistryClient.<anonymous> (C:\Users\Anthony\AppData\Roaming\nvm\v7.2.1\node_modules\npm\node_modules\npm-registry-client\lib\request.js:280:14)
40 silly fetchPackageMetaData     at Request._callback (C:\Users\Anthony\AppData\Roaming\nvm\v7.2.1\node_modules\npm\node_modules\npm-registry-client\lib\request.js:210:14)
40 silly fetchPackageMetaData     at Request.self.callback (C:\Users\Anthony\AppData\Roaming\nvm\v7.2.1\node_modules\npm\node_modules\request\request.js:187:22)
40 silly fetchPackageMetaData     at emitTwo (events.js:106:13)
40 silly fetchPackageMetaData     at Request.emit (events.js:191:7)
40 silly fetchPackageMetaData     at Request.<anonymous> (C:\Users\Anthony\AppData\Roaming\nvm\v7.2.1\node_modules\npm\node_modules\request\request.js:1048:10)
40 silly fetchPackageMetaData     at emitOne (events.js:96:13)
40 silly fetchPackageMetaData     at Request.emit (events.js:188:7)
40 silly fetchPackageMetaData     at IncomingMessage.<anonymous> (C:\Users\Anthony\AppData\Roaming\nvm\v7.2.1\node_modules\npm\node_modules\request\request.js:969:12)
40 silly fetchPackageMetaData  error for v8.1.1 { Error: Registry returned 404 for GET on https://registry.npmjs.org/v8.1.1
40 silly fetchPackageMetaData     at makeError (C:\Users\Anthony\AppData\Roaming\nvm\v7.2.1\node_modules\npm\node_modules\npm-registry-client\lib\request.js:302:12)
40 silly fetchPackageMetaData     at CachingRegistryClient.<anonymous> (C:\Users\Anthony\AppData\Roaming\nvm\v7.2.1\node_modules\npm\node_modules\npm-registry-client\lib\request.js:280:14)
40 silly fetchPackageMetaData     at Request._callback (C:\Users\Anthony\AppData\Roaming\nvm\v7.2.1\node_modules\npm\node_modules\npm-registry-client\lib\request.js:210:14)
40 silly fetchPackageMetaData     at Request.self.callback (C:\Users\Anthony\AppData\Roaming\nvm\v7.2.1\node_modules\npm\node_modules\request\request.js:187:22)
40 silly fetchPackageMetaData     at emitTwo (events.js:106:13)
40 silly fetchPackageMetaData     at Request.emit (events.js:191:7)
40 silly fetchPackageMetaData     at Request.<anonymous> (C:\Users\Anthony\AppData\Roaming\nvm\v7.2.1\node_modules\npm\node_modules\request\request.js:1048:10)
40 silly fetchPackageMetaData     at emitOne (events.js:96:13)
40 silly fetchPackageMetaData     at Request.emit (events.js:188:7)
40 silly fetchPackageMetaData     at IncomingMessage.<anonymous> (C:\Users\Anthony\AppData\Roaming\nvm\v7.2.1\node_modules\npm\node_modules\request\request.js:969:12) pkgid: 'v8.1.1', statusCode: 404, code: 'E404' }
41 silly rollbackFailedOptional Starting
42 silly rollbackFailedOptional Finishing
43 silly runTopLevelLifecycles Finishing
44 silly install printInstalled
45 verbose stack Error: Registry returned 404 for GET on https://registry.npmjs.org/v8.1.1
45 verbose stack     at makeError (C:\Users\Anthony\AppData\Roaming\nvm\v7.2.1\node_modules\npm\node_modules\npm-registry-client\lib\request.js:302:12)
45 verbose stack     at CachingRegistryClient.<anonymous> (C:\Users\Anthony\AppData\Roaming\nvm\v7.2.1\node_modules\npm\node_modules\npm-registry-client\lib\request.js:280:14)
45 verbose stack     at Request._callback (C:\Users\Anthony\AppData\Roaming\nvm\v7.2.1\node_modules\npm\node_modules\npm-registry-client\lib\request.js:210:14)
45 verbose stack     at Request.self.callback (C:\Users\Anthony\AppData\Roaming\nvm\v7.2.1\node_modules\npm\node_modules\request\request.js:187:22)
45 verbose stack     at emitTwo (events.js:106:13)
45 verbose stack     at Request.emit (events.js:191:7)
45 verbose stack     at Request.<anonymous> (C:\Users\Anthony\AppData\Roaming\nvm\v7.2.1\node_modules\npm\node_modules\request\request.js:1048:10)
45 verbose stack     at emitOne (events.js:96:13)
45 verbose stack     at Request.emit (events.js:188:7)
45 verbose stack     at IncomingMessage.<anonymous> (C:\Users\Anthony\AppData\Roaming\nvm\v7.2.1\node_modules\npm\node_modules\request\request.js:969:12)
46 verbose statusCode 404
47 verbose pkgid v8.1.1
48 verbose cwd C:\appsibrokerme\ibrokermeapis
49 error Windows_NT 10.0.14393
50 error argv "C:\\Program Files\\nodejs\\node.exe" "C:\\Program Files\\nodejs\\node_modules\\npm\\bin\\npm-cli.js" "install" "node" "v8.1.1"
51 error node v7.2.1
52 error npm  v3.10.10
53 error code E404
54 error 404 Registry returned 404 for GET on https://registry.npmjs.org/v8.1.1
55 error 404
56 error 404 'v8.1.1' is not in the npm registry.
57 error 404 You should bug the author to publish it (or use the name yourself!)
58 error 404 Note that you can also install from a
59 error 404 tarball, folder, http url, or git url.
60 verbose exit [ 1, true ]
